[2023-06-14T21:23:52.774Z] info: El usuario no existe o las credenciales son incorrectas.
[2023-06-14T21:24:12.435Z] info: El usuario no existe o las credenciales son incorrectas.
[2023-06-14T21:24:22.750Z] info: El usuario existe.
[2023-06-14T21:31:41.014Z] info: El usuario existe.
[2023-06-14T21:38:01.612Z] info: El usuario no existe o las credenciales son incorrectas.
[2023-06-14T21:38:55.992Z] info: El usuario no existe o las credenciales son incorrectas.
[2023-06-14T23:58:31.400Z] info: El usuario existe.
[2023-06-14T23:58:31.702Z] error: Error al consultar la base de datos: ER_ACCESS_DENIED_ERROR: Access denied for user ''@'localhost' (using password: NO)
[2023-06-14T23:58:34.809Z] error: Error al procesar la respuesta del asistente: Unexpected token T in JSON at position 0
[2023-06-15T00:00:43.635Z] info: El usuario existe.
[2023-06-15T00:00:43.846Z] error: Error al consultar la base de datos: ER_BAD_FIELD_ERROR: Unknown column 'userId' in 'where clause'
[2023-06-15T00:00:46.441Z] error: Error al procesar la respuesta del asistente: Unexpected token T in JSON at position 0
[2023-06-15T00:03:53.300Z] info: El usuario existe.
[2023-06-15T00:03:53.514Z] error: Error al consultar la base de datos: ER_BAD_FIELD_ERROR: Unknown column 'userId' in 'where clause'
[2023-06-15T00:03:54.097Z] error: Error al analizar la respuesta del asistente: Unexpected token T in JSON at position 0
[2023-06-15T00:12:55.865Z] info: El usuario existe.
[2023-06-15T00:12:56.678Z] error: Error al procesar la respuesta del asistente: Unexpected token T in JSON at position 0
[2023-06-15T00:13:52.264Z] info: El usuario existe.
[2023-06-15T00:13:52.606Z] error: Error al procesar la respuesta del asistente: Unexpected token T in JSON at position 0
[2023-06-15T00:18:49.543Z] info: El usuario no existe o las credenciales son incorrectas.
[2023-06-15T00:19:06.028Z] info: El usuario existe.
[2023-06-15T00:19:06.775Z] error: Error al procesar la respuesta del asistente: Unexpected token T in JSON at position 0
[2023-06-15T00:24:08.692Z] info: El usuario existe.
[2023-06-15T00:29:42.477Z] info: El usuario existe.
[2023-06-15T00:47:31.487Z] info: El usuario no existe o las credenciales son incorrectas.
[2023-06-15T00:47:40.264Z] info: El usuario existe.
[2023-06-15T00:50:26.659Z] info: El usuario existe.
[2023-06-15T00:52:50.950Z] info: El usuario no existe o las credenciales son incorrectas.
[2023-06-15T00:52:53.278Z] info: El usuario no existe o las credenciales son incorrectas.
[2023-06-15T00:53:52.501Z] info: El usuario existe.
[2023-06-15T00:56:44.093Z] info: El usuario existe.
[2023-06-15T20:15:02.963Z] info: El usuario existe.
[2023-06-15T20:15:12.150Z] error: No se pudo establecer la conexión con la API: read ECONNRESET
[2023-06-15T20:15:14.333Z] info: El usuario existe.
[2023-06-15T21:03:22.024Z] info: El usuario existe.
[2023-06-15T21:03:27.938Z] error: No se pudo establecer la conexión con la API: read ECONNRESET
[2023-06-15T21:03:35.551Z] info: El usuario existe.
[2023-06-15T21:09:47.366Z] info: El usuario existe.
[2023-06-15T21:10:37.136Z] info: El usuario existe.
[2023-06-15T21:11:00.621Z] info: El usuario no existe o las credenciales son incorrectas.
[2023-06-15T21:11:06.849Z] info: El usuario no existe o las credenciales son incorrectas.
[2023-06-15T21:11:30.022Z] info: El usuario existe.
[2023-06-15T21:13:57.410Z] info: El usuario no existe o las credenciales son incorrectas.
[2023-06-15T21:14:05.944Z] info: El usuario existe.
[2023-06-15T21:39:08.721Z] info: El usuario existe.
[2023-06-15T21:50:40.919Z] info: El usuario existe.
[2023-06-16T21:08:41.264Z] error: No se pudo establecer la conexión con la API: read ECONNRESET
[2023-06-16T21:08:53.409Z] error: No se pudo establecer la conexión con la API: read ECONNRESET
[2023-06-16T21:09:04.263Z] error: No se pudo establecer la conexión con la API: read ECONNRESET
[2023-06-16T21:09:24.643Z] error: No se pudo establecer la conexión con la API: read ECONNRESET
[2023-06-16T21:09:27.574Z] error: No se pudo establecer la conexión con la API: read ECONNRESET
[2023-06-16T21:10:19.722Z] error: No se pudo establecer la conexión con la API: read ECONNRESET
[2023-06-16T21:10:58.071Z] error: No se pudo establecer la conexión con la API: read ECONNRESET
[2023-06-16T21:10:59.975Z] error: No se pudo establecer la conexión con la API: read ECONNRESET
[2023-06-16T21:11:01.427Z] error: No se pudo establecer la conexión con la API: read ECONNRESET
[2023-06-16T21:11:53.035Z] info: El usuario existe.
[2023-06-16T21:12:22.710Z] info: El usuario existe.
[2023-06-16T21:18:18.899Z] error: No se pudo establecer la conexión con la API: read ECONNRESET
[2023-06-16T21:18:34.979Z] error: No se pudo establecer la conexión con la API: read ECONNRESET
[2023-06-16T21:18:37.104Z] error: No se pudo establecer la conexión con la API: read ECONNRESET
[2023-06-16T21:20:07.265Z] error: No se pudo establecer la conexión con la API: read ECONNRESET
[2023-06-16T21:20:51.547Z] info: El usuario no existe o las credenciales son incorrectas.
[2023-06-16T21:20:51.553Z] error: No se pudo establecer la conexión con la API: Las credenciales son incorrectas. Inténtelo de nuevo.
[2023-06-16T21:21:02.044Z] info: El usuario no existe o las credenciales son incorrectas.
[2023-06-16T21:21:02.046Z] error: No se pudo establecer la conexión con la API: Las credenciales son incorrectas. Inténtelo de nuevo.
[2023-06-16T21:21:12.666Z] info: El usuario existe.
[2023-06-16T21:22:53.244Z] info: El usuario no existe o las credenciales son incorrectas.
[2023-06-16T21:22:53.251Z] error: No se pudo establecer la conexión con la API: Las credenciales son incorrectas. Inténtelo de nuevo.
[2023-06-16T21:23:35.543Z] info: El usuario no existe o las credenciales son incorrectas.
[2023-06-16T21:23:35.547Z] error: No se pudo establecer la conexión con la API: Las credenciales son incorrectas. Inténtelo de nuevo.
[2023-06-16T21:24:57.140Z] info: El usuario no existe o las credenciales son incorrectas.
[2023-06-16T21:24:57.146Z] error: No se pudo establecer la conexión con la API: Las credenciales son incorrectas. Inténtelo de nuevo.
[2023-06-16T21:25:10.881Z] info: El usuario no existe o las credenciales son incorrectas.
[2023-06-16T21:25:10.882Z] error: No se pudo establecer la conexión con la API: Las credenciales son incorrectas. Inténtelo de nuevo.
[2023-06-16T21:25:45.148Z] info: El usuario no existe o las credenciales son incorrectas.
[2023-06-16T21:25:45.158Z] error: No se pudo establecer la conexión con la API: Las credenciales son incorrectas. Inténtelo de nuevo.
[2023-06-16T21:26:29.753Z] info: El usuario existe.
[2023-06-16T21:30:13.844Z] info: El usuario existe.
[2023-06-16T21:36:03.148Z] info: El usuario existe.
[2023-06-16T21:42:19.367Z] info: El usuario no existe o las credenciales son incorrectas.
[2023-06-16T21:42:19.371Z] error: No se pudo establecer la conexión con la API: Las credenciales son incorrectas. Inténtelo de nuevo.
[2023-06-16T21:42:56.012Z] info: El usuario no existe o las credenciales son incorrectas.
[2023-06-16T21:43:30.075Z] info: El usuario no existe o las credenciales son incorrectas.
[2023-06-16T21:43:30.079Z] error: No se pudo establecer la conexión con la API: Las credenciales son incorrectas. Inténtelo de nuevo.
[2023-06-16T21:47:20.382Z] info: El usuario no existe o las credenciales son incorrectas.
[2023-06-16T21:47:20.388Z] error: No se pudo establecer la conexión con la API: Las credenciales son incorrectas. Inténtelo de nuevo.
[2023-06-16T21:48:18.542Z] info: El usuario no existe o las credenciales son incorrectas.
[2023-06-16T21:48:18.549Z] error: No se pudo establecer la conexión con la API: Las credenciales son incorrectas. Inténtelo de nuevo.
[2023-06-16T21:48:33.866Z] info: El usuario existe.
[2023-06-16T21:51:24.933Z] info: El usuario existe.
[2023-06-16T21:51:30.156Z] info: El usuario existe.
[2023-06-16T22:08:53.269Z] info: El usuario existe.
[2023-06-16T22:10:34.881Z] info: El usuario existe.
[2023-06-16T22:12:53.371Z] info: El usuario existe.
[2023-06-16T22:16:16.143Z] info: El usuario existe.
[2023-06-17T01:29:56.949Z] error: No se pudo establecer la conexión con la API: read ECONNRESET
[2023-06-17T01:43:31.163Z] info: El usuario no existe o las credenciales son incorrectas.
[2023-06-17T01:43:31.167Z] error: No se pudo establecer la conexión con la API: Las credenciales son incorrectas. Inténtelo de nuevo.
[2023-06-17T01:43:31.172Z] info: El usuario no existe o las credenciales son incorrectas.
[2023-06-17T01:43:31.173Z] error: No se pudo establecer la conexión con la API: Las credenciales son incorrectas. Inténtelo de nuevo.
[2023-06-17T01:43:45.819Z] info: El usuario existe.
[2023-06-17T01:53:49.112Z] info: El usuario existe.
[2023-06-17T01:57:20.618Z] info: El usuario existe.
[2023-06-17T01:57:46.030Z] info: El usuario existe.
[2023-06-17T02:02:42.900Z] info: El usuario existe.
[2023-06-17T02:03:14.660Z] info: El usuario existe.
[2023-06-17T02:03:24.694Z] error: No se pudo establecer la conexión con la API: Operation `messages.find()` buffering timed out after 10000ms
[2023-06-17T02:27:26.382Z] info: El usuario existe.
[2023-06-17T03:38:20.296Z] error: No se pudo establecer la conexión con la API: read ECONNRESET
[2023-06-17T03:38:50.312Z] info: El usuario existe.
[2023-06-17T03:39:21.080Z] info: El usuario existe.
[2023-06-17T03:42:20.171Z] info: El usuario existe.
[2023-06-17T03:43:24.617Z] info: El usuario existe.
[2023-06-17T03:44:44.929Z] info: El usuario existe.
[2023-06-17T03:52:27.132Z] info: El usuario existe.
[2023-06-17T03:54:00.147Z] info: El usuario existe.
[2023-06-17T03:55:12.861Z] info: El usuario existe.
[2023-06-17T03:55:12.908Z] info: El usuario existe.
[2023-06-17T03:55:55.061Z] info: El usuario existe.
[2023-06-17T03:55:55.101Z] info: SEOBTUVO.
[2023-06-17T03:57:13.532Z] info: El usuario existe.
[2023-06-17T03:57:13.578Z] info: SEOBTUVO.
[2023-06-17T03:59:19.529Z] info: El usuario existe.
[2023-06-17T04:03:08.523Z] info: El usuario existe.
[2023-06-17T04:03:08.560Z] info: Se obtuvo.
[2023-06-17T04:04:05.036Z] info: El usuario existe.
[2023-06-17T04:04:05.073Z] info: Se obtuvo.
[2023-06-17T04:06:23.383Z] info: El usuario existe.
[2023-06-17T04:06:23.431Z] error: No se pudo establecer la conexión con la API: _id is not defined
[2023-06-17T04:06:53.766Z] info: El usuario existe.
[2023-06-17T04:06:53.774Z] error: No se pudo establecer la conexión con la API: _id is not defined
[2023-06-17T04:07:17.622Z] info: El usuario existe.
[2023-06-17T04:07:17.629Z] error: No se pudo establecer la conexión con la API: _id is not defined
[2023-06-17T04:07:52.887Z] info: El usuario existe.
[2023-06-17T04:07:52.941Z] info: Se obtuvo.
[2023-06-17T04:09:37.574Z] info: El usuario existe.
[2023-06-17T04:09:37.631Z] info: Se obtuvo.
[2023-06-17T04:10:26.988Z] info: El usuario existe.
[2023-06-17T04:10:27.004Z] info: Se obtuvo.
[2023-06-17T04:12:29.786Z] info: El usuario existe.
[2023-06-17T04:12:29.842Z] info: Se obtuvo.
[2023-06-17T04:13:50.495Z] info: El usuario existe.
[2023-06-17T04:13:50.533Z] info: Se obtuvo.
[2023-06-17T04:16:14.966Z] info: El usuario existe.
[2023-06-17T04:16:15.001Z] error: No se pudo establecer la conexión con la API: _id is not defined
[2023-06-17T04:17:00.675Z] info: El usuario existe.
[2023-06-17T04:17:00.722Z] info: Se obtuvo.
[2023-06-17T04:17:46.748Z] info: El usuario existe.
[2023-06-17T04:17:46.791Z] info: Se obtuvo.
[2023-06-17T04:19:52.806Z] info: El usuario existe.
[2023-06-17T04:19:52.858Z] info: Se obtuvo.
[2023-06-17T04:20:26.254Z] info: El usuario existe.
[2023-06-17T04:20:26.290Z] info: Se obtuvo.
[2023-06-17T04:20:26.292Z] error: No se pudo establecer la conexión con la API: item is not defined
[2023-06-17T04:24:25.240Z] info: El usuario existe.
[2023-06-17T04:24:25.293Z] info: Se obtuvo.
[2023-06-17T04:26:18.849Z] info: El usuario existe.
[2023-06-17T04:26:18.920Z] info: Se obtuvo.
[2023-06-17T04:29:09.836Z] info: El usuario existe.
[2023-06-17T04:29:41.099Z] info: El usuario existe.
[2023-06-17T04:29:41.116Z] info: Se obtuvo.
[2023-06-17T04:32:51.058Z] info: El usuario existe.
[2023-06-17T04:32:51.121Z] info: Se obtuvo.
[2023-06-17T04:34:29.476Z] info: El usuario existe.
[2023-06-17T04:34:29.519Z] error: No se pudo establecer la conexión con la API: Cast to ObjectId failed for value "1316462124" (type string) at path "_id" for model "Conversation"
[2023-06-17T04:34:57.414Z] info: El usuario existe.
[2023-06-17T04:34:57.455Z] error: No se pudo establecer la conexión con la API: _id is not defined
[2023-06-17T04:39:44.389Z] info: El usuario existe.
[2023-06-17T04:39:44.418Z] info: Se obtuvo.
[2023-06-17T04:40:22.806Z] info: El usuario existe.
[2023-06-17T04:40:22.857Z] info: Se obtuvo.
[2023-06-17T04:42:31.583Z] info: El usuario existe.
[2023-06-17T04:42:31.622Z] error: No se pudo establecer la conexión con la API: data is not defined
[2023-06-17T04:43:02.538Z] error: No se pudo establecer la conexión con la API: data is not defined
[2023-06-17T04:44:48.427Z] info: El usuario existe.
[2023-06-17T04:44:48.470Z] error: No se pudo establecer la conexión con la API: conversation is not defined
[2023-06-17T04:45:26.510Z] info: El usuario existe.
[2023-06-17T04:45:26.547Z] error: No se pudo establecer la conexión con la API: conversation is not defined
[2023-06-17T04:45:57.489Z] info: El usuario existe.
[2023-06-17T04:45:57.545Z] info: Se obtuvo.
[2023-06-17T04:46:47.270Z] info: El usuario existe.
[2023-06-17T04:46:47.314Z] info: Se obtuvo.
[2023-06-17T04:49:38.904Z] info: El usuario existe.
[2023-06-17T04:49:38.963Z] info: Se obtuvo.
[2023-06-17T04:51:43.442Z] info: El usuario existe.
[2023-06-17T04:51:43.489Z] info: Se obtuvo.
[2023-06-17T04:55:19.688Z] info: El usuario existe.
[2023-06-17T04:55:19.730Z] info: Se obtuvo.
[2023-06-17T04:58:11.703Z] info: El usuario existe.
[2023-06-17T04:58:11.750Z] info: Se obtuvo.
[2023-06-17T04:58:51.605Z] info: El usuario existe.
[2023-06-17T04:58:51.654Z] info: Se obtuvo.
[2023-06-17T05:02:16.084Z] info: El usuario existe.
[2023-06-17T05:02:16.140Z] info: Se obtuvo.
[2023-06-17T05:04:07.805Z] info: El usuario existe.
[2023-06-17T05:04:35.498Z] info: El usuario existe.
[2023-06-17T05:06:00.050Z] info: El usuario existe.
[2023-06-17T05:06:00.085Z] error: No se pudo establecer la conexión con la API: _id is not defined
[2023-06-17T05:06:33.350Z] info: El usuario existe.
[2023-06-17T05:07:37.122Z] info: El usuario existe.
[2023-06-17T05:10:52.847Z] info: El usuario existe.
[2023-06-17T18:56:34.681Z] info: El usuario existe.
[2023-06-17T19:00:42.804Z] info: El usuario existe.
[2023-06-17T19:02:59.963Z] info: El usuario existe.
[2023-06-17T19:04:11.565Z] info: El usuario existe.
[2023-06-17T19:10:07.137Z] info: El usuario existe.
[2023-06-17T19:13:32.918Z] info: El usuario existe.
[2023-06-17T19:15:19.560Z] info: El usuario existe.
[2023-06-17T19:18:59.134Z] info: El usuario existe.
[2023-06-17T19:21:12.408Z] info: El usuario existe.
[2023-06-18T20:57:44.158Z] info: El usuario existe.
[2023-06-18T20:57:50.922Z] error: No se pudo establecer la conexión con la API: read ECONNRESET
[2023-06-18T20:58:21.317Z] info: El usuario existe.
[2023-06-18T20:59:32.368Z] info: El usuario existe.
[2023-06-18T21:01:47.405Z] info: El usuario existe.
[2023-06-18T21:02:54.335Z] info: El usuario existe.
[2023-06-18T21:05:43.923Z] info: El usuario existe.
[2023-06-18T21:08:26.955Z] info: El usuario existe.
[2023-06-18T21:09:09.157Z] info: El usuario existe.
[2023-06-18T21:09:43.407Z] info: El usuario existe.
[2023-06-18T21:12:34.534Z] info: El usuario existe.
[2023-06-18T21:14:40.172Z] info: El usuario existe.
[2023-06-18T21:14:54.738Z] info: El usuario existe.
[2023-06-18T21:15:46.797Z] info: El usuario existe.
[2023-06-18T21:16:55.911Z] info: El usuario existe.
[2023-06-18T21:19:16.235Z] info: El usuario existe.
[2023-06-18T21:19:49.945Z] info: El usuario existe.
[2023-06-18T21:21:58.736Z] info: El usuario existe.
[2023-06-18T21:22:34.789Z] info: El usuario existe.
[2023-06-18T21:22:59.129Z] info: El usuario existe.
[2023-06-18T21:24:16.681Z] info: El usuario existe.
[2023-06-18T21:25:00.304Z] info: El usuario existe.
[2023-06-18T21:25:33.550Z] info: El usuario existe.
[2023-06-18T21:25:42.972Z] info: El usuario existe.
[2023-06-18T21:30:44.720Z] info: El usuario existe.
[2023-06-18T21:31:16.512Z] info: El usuario existe.
[2023-06-18T21:31:28.622Z] info: El usuario existe.
[2023-06-18T21:34:53.812Z] info: El usuario existe.
[2023-06-18T21:38:19.810Z] info: El usuario existe.
[2023-06-18T21:38:19.870Z] error: No se pudo establecer la conexión con la API: sleep is not defined
[2023-06-18T21:39:02.696Z] info: El usuario existe.
[2023-06-18T21:39:02.708Z] error: No se pudo establecer la conexión con la API: sleep is not defined
[2023-06-18T21:39:22.158Z] info: El usuario existe.
[2023-06-18T21:40:47.886Z] info: El usuario existe.
[2023-06-18T21:41:51.919Z] info: El usuario no existe o las credenciales son incorrectas.
[2023-06-18T21:41:51.925Z] error: No se pudo establecer la conexión con la API: Las credenciales son incorrectas. Inténtelo de nuevo.
[2023-06-18T21:42:01.743Z] info: El usuario existe.
[2023-06-18T21:42:31.824Z] info: El usuario existe.
[2023-06-18T21:45:45.957Z] info: El usuario existe.
[2023-06-18T21:52:20.412Z] info: El usuario existe.
[2023-06-18T21:53:48.009Z] info: El usuario existe.
[2023-06-18T21:57:18.193Z] info: El usuario existe.
[2023-06-18T21:57:48.294Z] info: El usuario existe.
[2023-06-18T21:59:04.027Z] info: El usuario existe.
[2023-06-18T22:00:00.783Z] info: El usuario existe.
[2023-06-18T22:00:50.780Z] info: El usuario existe.
[2023-06-18T22:01:28.664Z] info: El usuario existe.
[2023-06-18T22:01:55.320Z] info: El usuario existe.
[2023-06-18T22:02:11.904Z] info: El usuario existe.
[2023-06-18T22:04:17.519Z] info: El usuario existe.
[2023-06-18T22:04:37.609Z] info: El usuario existe.
[2023-06-18T22:05:37.046Z] info: El usuario existe.
[2023-06-18T22:06:48.444Z] info: El usuario existe.
[2023-06-18T22:07:28.889Z] info: El usuario existe.
[2023-06-18T22:09:06.226Z] info: El usuario existe.
[2023-06-18T22:12:19.226Z] info: El usuario existe.
[2023-06-18T22:13:05.499Z] info: El usuario existe.
[2023-06-18T22:15:05.900Z] info: El usuario existe.
[2023-06-18T22:15:57.909Z] info: El usuario existe.
[2023-06-18T22:17:50.740Z] info: El usuario existe.
[2023-06-18T22:18:47.906Z] info: El usuario existe.
[2023-06-18T22:20:55.616Z] info: El usuario existe.
[2023-06-18T22:22:52.748Z] info: El usuario existe.
[2023-06-18T22:25:11.052Z] info: El usuario existe.
[2023-06-18T22:26:25.287Z] info: El usuario existe.
[2023-06-18T22:27:11.815Z] info: El usuario existe.
[2023-06-18T22:27:38.395Z] info: El usuario existe.
[2023-06-18T22:28:09.113Z] info: El usuario existe.
[2023-06-18T22:30:53.472Z] info: El usuario existe.
[2023-06-18T22:32:40.751Z] info: El usuario existe.
[2023-06-18T22:33:36.828Z] info: El usuario existe.
[2023-06-18T22:36:36.379Z] info: El usuario existe.
[2023-06-18T22:37:52.867Z] info: El usuario existe.
[2023-06-18T22:38:24.517Z] info: El usuario existe.
[2023-06-18T22:38:56.484Z] info: El usuario existe.
[2023-06-18T22:40:56.399Z] info: El usuario existe.
[2023-06-18T22:41:40.746Z] info: El usuario existe.
[2023-06-18T22:42:09.069Z] info: El usuario existe.
[2023-06-18T22:43:56.970Z] info: El usuario existe.
[2023-06-18T22:44:38.487Z] info: El usuario existe.
[2023-06-18T22:46:32.922Z] info: El usuario existe.
[2023-06-18T22:49:20.078Z] info: El usuario existe.
[2023-06-18T22:49:59.914Z] info: El usuario existe.
[2023-06-18T22:53:06.642Z] info: El usuario existe.
[2023-06-18T22:54:07.428Z] info: El usuario existe.
[2023-06-18T22:55:29.016Z] info: El usuario existe.
[2023-06-18T22:55:48.079Z] info: El usuario existe.
[2023-06-18T22:56:31.804Z] info: El usuario existe.
[2023-06-18T22:57:24.781Z] info: El usuario existe.
[2023-06-18T22:59:13.166Z] info: El usuario existe.
[2023-06-18T23:01:27.276Z] info: El usuario existe.
[2023-06-18T23:04:47.806Z] info: El usuario existe.
[2023-06-18T23:05:32.053Z] info: El usuario existe.
[2023-06-18T23:07:32.473Z] info: El usuario existe.
[2023-06-18T23:07:32.507Z] error: No se pudo establecer la conexión con la API: greetingMessages is not defined
[2023-06-18T23:08:35.581Z] info: El usuario existe.
[2023-06-18T23:09:25.501Z] info: El usuario existe.
[2023-06-18T23:15:14.010Z] info: El usuario existe.
[2023-06-18T23:15:47.649Z] info: El usuario existe.
[2023-06-18T23:17:42.991Z] info: El usuario existe.
[2023-06-18T23:18:30.739Z] info: El usuario existe.
[2023-06-18T23:18:30.787Z] error: No se pudo establecer la conexión con la API: Conversation is not defined
[2023-06-18T23:18:37.340Z] info: El usuario existe.
[2023-06-18T23:18:37.352Z] error: No se pudo establecer la conexión con la API: Conversation is not defined
[2023-06-18T23:20:19.422Z] info: El usuario existe.
[2023-06-18T23:21:09.767Z] info: El usuario existe.
[2023-06-18T23:23:12.390Z] info: El usuario existe.
[2023-06-18T23:23:26.037Z] info: El usuario existe.
[2023-06-18T23:25:20.327Z] info: El usuario existe.
[2023-06-18T23:26:38.716Z] info: El usuario existe.
[2023-06-18T23:29:51.217Z] info: El usuario existe.
[2023-06-18T23:29:51.287Z] error: No se pudo establecer la conexión con la API: User validation failed: conversations.0.message: Path `message` is required., conversations.0.userId: Path `userId` is required.
[2023-06-18T23:30:44.758Z] info: El usuario existe.
[2023-06-18T23:32:38.740Z] info: El usuario existe.
[2023-06-18T23:32:38.808Z] error: No se pudo establecer la conexión con la API: User validation failed: conversations.0.userId: Path `userId` is required.
[2023-06-18T23:33:09.334Z] info: El usuario existe.
[2023-06-18T23:37:50.641Z] info: El usuario existe.
[2023-06-18T23:38:49.352Z] info: El usuario existe.
[2023-06-18T23:40:12.465Z] info: El usuario existe.
[2023-06-18T23:42:28.883Z] info: El usuario existe.
[2023-06-18T23:43:10.362Z] info: El usuario existe.
[2023-06-18T23:45:37.451Z] info: El usuario existe.
[2023-06-18T23:45:37.504Z] error: No se pudo establecer la conexión con la API: getConversationsByUserId is not defined
[2023-06-18T23:45:44.662Z] info: El usuario existe.
[2023-06-18T23:45:44.678Z] error: No se pudo establecer la conexión con la API: getConversationsByUserId is not defined
[2023-06-18T23:46:43.267Z] info: El usuario existe.
[2023-06-18T23:46:43.316Z] error: No se pudo establecer la conexión con la API: conversations is not defined
[2023-06-18T23:47:27.973Z] info: El usuario existe.
[2023-06-18T23:48:51.965Z] info: El usuario existe.
[2023-06-18T23:48:52.018Z] error: No se pudo establecer la conexión con la API: conversation is not defined
[2023-06-18T23:49:06.443Z] info: El usuario existe.
[2023-06-18T23:49:06.457Z] error: No se pudo establecer la conexión con la API: conversation is not defined
[2023-06-18T23:49:23.764Z] info: El usuario existe.
[2023-06-18T23:51:57.163Z] info: El usuario existe.
[2023-06-18T23:51:57.208Z] error: No se pudo establecer la conexión con la API: dbUser.map is not a function
[2023-06-18T23:52:42.187Z] info: El usuario existe.
[2023-06-18T23:52:42.228Z] error: No se pudo establecer la conexión con la API: console.lo is not a function
[2023-06-18T23:53:04.520Z] info: El usuario existe.
[2023-06-18T23:53:04.580Z] error: No se pudo establecer la conexión con la API: console.lo is not a function
[2023-06-18T23:55:26.205Z] info: El usuario existe.
[2023-06-18T23:56:38.815Z] info: El usuario existe.
[2023-06-18T23:57:27.616Z] info: El usuario existe.
[2023-06-18T23:58:01.849Z] info: El usuario existe.
[2023-06-18T23:59:45.209Z] info: El usuario existe.
[2023-06-19T00:02:31.103Z] info: El usuario existe.
[2023-06-19T00:02:31.155Z] error: No se pudo establecer la conexión con la API: conversation.map is not a function
[2023-06-19T00:03:33.772Z] info: El usuario existe.
[2023-06-19T00:05:01.801Z] info: El usuario existe.
[2023-06-19T00:06:10.270Z] info: El usuario existe.
[2023-06-19T00:06:34.158Z] info: El usuario existe.
[2023-06-19T00:07:09.865Z] info: El usuario existe.
[2023-06-19T00:09:19.043Z] info: El usuario existe.
[2023-06-19T00:10:04.173Z] info: El usuario existe.
[2023-06-19T00:10:37.140Z] info: El usuario existe.
[2023-06-19T00:11:50.524Z] info: El usuario existe.
[2023-06-19T00:11:50.586Z] error: No se pudo establecer la conexión con la API: errorMessage is not defined
[2023-06-19T00:12:13.652Z] info: El usuario existe.
[2023-06-19T00:12:13.664Z] error: No se pudo establecer la conexión con la API: errorMessage is not defined
[2023-06-19T00:12:48.764Z] info: El usuario existe.
[2023-06-19T00:14:50.150Z] info: El usuario existe.
[2023-06-19T00:15:18.144Z] info: El usuario existe.
[2023-06-19T00:16:41.318Z] info: El usuario existe.
[2023-06-19T00:17:14.876Z] info: El usuario existe.
[2023-06-19T00:18:10.881Z] info: El usuario existe.
[2023-06-19T00:20:29.493Z] info: El usuario existe.
[2023-06-19T00:21:34.815Z] info: El usuario existe.
[2023-06-19T00:29:34.502Z] info: El usuario existe.
[2023-06-19T00:34:47.901Z] info: El usuario existe.
[2023-06-19T01:58:30.295Z] info: El usuario no existe o las credenciales son incorrectas.
[2023-06-19T01:58:30.300Z] error: No se pudo establecer la conexión con la API: Las credenciales son incorrectas. Inténtelo de nuevo.
[2023-06-19T01:58:46.940Z] info: El usuario existe.
[2023-06-19T01:59:14.705Z] info: El usuario no existe o las credenciales son incorrectas.
[2023-06-19T01:59:14.706Z] error: No se pudo establecer la conexión con la API: Las credenciales son incorrectas. Inténtelo de nuevo.
[2023-06-19T02:03:46.445Z] info: El usuario no existe o las credenciales son incorrectas.
[2023-06-19T02:03:46.448Z] error: No se pudo establecer la conexión con la API: Las credenciales son incorrectas. Inténtelo de nuevo.
[2023-06-19T02:04:02.477Z] info: El usuario existe.
[2023-06-19T02:11:30.548Z] info: El usuario existe.
[2023-06-19T02:12:37.577Z] info: El usuario existe.
[2023-06-19T02:12:53.048Z] info: El usuario existe.
[2023-06-19T02:13:31.145Z] info: El usuario existe.
[2023-06-19T02:14:52.526Z] info: El usuario existe.
[2023-06-19T02:15:19.557Z] info: El usuario existe.
[2023-06-19T04:10:38.420Z] info: El usuario existe.
[2023-06-19T04:11:35.462Z] info: El usuario existe.
[2023-06-19T04:13:21.720Z] info: El usuario existe.
[2023-06-19T04:15:19.925Z] info: El usuario existe.
[2023-06-19T04:17:29.913Z] info: El usuario existe.
[2023-06-19T04:31:26.226Z] info: El usuario existe.
[2023-06-19T04:46:23.441Z] info: El usuario existe.
[2023-06-19T04:46:56.297Z] info: El usuario existe.
[2023-06-19T04:47:42.913Z] info: El usuario no existe o las credenciales son incorrectas.
[2023-06-19T04:47:42.918Z] error: No se pudo establecer la conexión con la API: Las credenciales son incorrectas. Inténtelo de nuevo.
[2023-06-19T04:47:52.505Z] info: El usuario existe.
[2023-06-19T04:53:33.320Z] info: El usuario existe.
[2023-06-19T04:54:30.332Z] info: El usuario existe.
[2023-06-19T04:55:26.471Z] info: El usuario no existe o las credenciales son incorrectas.
[2023-06-19T04:55:26.476Z] error: No se pudo establecer la conexión con la API: Las credenciales son incorrectas. Inténtelo de nuevo.
[2023-06-19T04:55:34.932Z] info: El usuario existe.
[2023-06-19T04:56:43.056Z] info: El usuario existe.
[2023-06-19T04:56:43.172Z] info: El usuario existe.
[2023-06-19T04:56:43.181Z] info: El usuario existe.
[2023-06-19T04:57:47.345Z] info: El usuario existe.
[2023-06-19T04:58:07.809Z] info: El usuario existe.
[2023-06-19T05:01:31.203Z] error: No se pudo establecer la conexión con la API: read ECONNRESET
[2023-06-19T05:01:51.024Z] info: El usuario existe.
[2023-06-19T05:03:01.193Z] info: El usuario existe.
[2023-06-19T05:04:02.962Z] info: El usuario existe.
[2023-06-19T05:05:53.748Z] info: El usuario existe.
[2023-06-19T05:07:34.848Z] info: El usuario existe.
[2023-06-19T05:07:56.526Z] info: El usuario existe.
[2023-06-19T05:08:18.960Z] info: El usuario existe.
[2023-06-19T05:19:40.544Z] info: El usuario existe.
[2023-06-19T05:37:11.841Z] info: El usuario existe.
[2023-06-19T06:15:32.907Z] info: El usuario existe.
[2023-06-19T06:16:32.233Z] info: El usuario existe.
[2023-06-19T06:18:07.282Z] info: El usuario existe.
[2023-06-19T06:22:10.884Z] info: El usuario existe.
[2023-06-19T06:23:30.599Z] info: El usuario existe.
[2023-06-19T06:23:59.778Z] info: El usuario no existe o las credenciales son incorrectas.
[2023-06-19T06:23:59.779Z] error: No se pudo establecer la conexión con la API: Las credenciales son incorrectas. Inténtelo de nuevo.
[2023-06-19T06:24:07.311Z] info: El usuario existe.
[2023-06-19T06:36:01.456Z] info: El usuario existe.
[2023-06-19T22:39:49.616Z] error: No se pudo establecer la conexión con la API: read ECONNRESET
[2023-06-19T22:39:57.040Z] error: No se pudo establecer la conexión con la API: read ECONNRESET
[2023-06-19T22:40:12.451Z] info: El usuario existe.
[2023-06-19T22:41:23.325Z] info: El usuario existe.
[2023-06-19T22:42:26.283Z] info: El usuario existe.
[2023-06-19T22:45:23.085Z] info: El usuario existe.
[2023-06-19T22:45:49.680Z] info: El usuario existe.
[2023-06-19T22:46:36.722Z] info: El usuario existe.
[2023-06-19T22:47:22.403Z] info: El usuario existe.
[2023-06-19T22:47:22.419Z] error: No se pudo establecer la conexión con la API: chatContainer is not defined
[2023-06-19T22:47:44.120Z] info: El usuario existe.
[2023-06-19T22:47:44.125Z] error: No se pudo establecer la conexión con la API: chatContainer is not defined
[2023-06-19T22:48:01.134Z] info: El usuario existe.
[2023-06-19T22:48:01.138Z] error: No se pudo establecer la conexión con la API: chatContainer is not defined
[2023-06-19T22:48:20.464Z] info: El usuario existe.
[2023-06-19T22:49:45.531Z] info: El usuario existe.
[2023-06-19T22:50:06.003Z] info: El usuario existe.
[2023-06-19T22:53:20.231Z] info: El usuario existe.
[2023-06-19T22:55:58.278Z] info: El usuario existe.
[2023-06-19T22:56:55.700Z] info: El usuario existe.
[2023-06-19T22:59:50.448Z] info: El usuario existe.
[2023-06-19T23:01:13.083Z] info: El usuario existe.
[2023-06-19T23:02:57.899Z] info: El usuario existe.
[2023-06-19T23:11:57.226Z] info: El usuario existe.
[2023-06-19T23:12:32.325Z] info: El usuario existe.
[2023-06-19T23:15:10.789Z] info: El usuario existe.
[2023-06-19T23:16:17.626Z] info: El usuario existe.
[2023-06-19T23:17:25.228Z] info: El usuario existe.
[2023-06-19T23:19:12.036Z] info: El usuario existe.
[2023-06-19T23:19:49.534Z] info: El usuario existe.
[2023-06-19T23:20:28.164Z] info: El usuario existe.
[2023-06-19T23:23:09.782Z] info: El usuario existe.
[2023-06-19T23:26:05.307Z] info: El usuario existe.
[2023-06-19T23:27:54.574Z] info: El usuario existe.
[2023-06-19T23:28:51.150Z] info: El usuario no existe o las credenciales son incorrectas.
[2023-06-19T23:28:51.153Z] error: No se pudo establecer la conexión con la API: Las credenciales son incorrectas. Inténtelo de nuevo.
[2023-06-19T23:29:03.767Z] info: El usuario existe.
[2023-06-19T23:30:24.308Z] info: El usuario existe.
[2023-06-19T23:33:48.401Z] info: El usuario existe.
[2023-06-19T23:34:46.599Z] info: El usuario existe.
[2023-06-19T23:36:12.499Z] info: El usuario existe.
[2023-06-19T23:37:02.737Z] info: El usuario existe.
[2023-06-19T23:38:48.796Z] info: El usuario existe.
[2023-06-19T23:41:02.876Z] info: El usuario existe.
[2023-06-19T23:41:22.660Z] info: El usuario no existe o las credenciales son incorrectas.
[2023-06-19T23:41:22.661Z] error: No se pudo establecer la conexión con la API: Las credenciales son incorrectas. Inténtelo de nuevo.
[2023-06-19T23:41:33.166Z] info: El usuario existe.
[2023-06-19T23:49:23.675Z] info: El usuario existe.
[2023-06-19T23:49:48.496Z] info: El usuario existe.
[2023-06-19T23:52:28.599Z] info: El usuario existe.
[2023-06-19T23:54:23.069Z] info: El usuario existe.
[2023-06-20T00:00:14.721Z] info: El usuario existe.
[2023-06-20T02:10:09.021Z] info: El usuario existe.
[2023-06-20T02:13:47.583Z] info: El usuario existe.
[2023-06-24T06:56:17.494Z] info: El usuario existe.
[2023-07-24T21:33:37.120Z] error: No se pudo establecer la conexión con la API: read ECONNRESET
[2023-07-24T21:33:48.506Z] info: El usuario existe.
[2023-07-24T21:36:34.272Z] info: El usuario no existe o las credenciales son incorrectas.
[2023-07-24T21:36:34.273Z] error: No se pudo establecer la conexión con la API: Las credenciales son incorrectas. Inténtelo de nuevo.
[2023-07-24T21:36:39.624Z] info: El usuario no existe o las credenciales son incorrectas.
[2023-07-24T21:36:39.626Z] error: No se pudo establecer la conexión con la API: Las credenciales son incorrectas. Inténtelo de nuevo.
[2023-07-24T21:36:45.585Z] info: El usuario existe.
[2023-07-24T21:37:04.789Z] info: El usuario existe.
[2023-07-24T21:38:12.856Z] info: El usuario existe.
[2023-07-24T21:39:39.338Z] info: El usuario existe.
[2023-07-28T20:34:14.962Z] error: No se pudo establecer la conexión con la API: read ECONNRESET
[2023-07-28T20:34:26.533Z] info: El usuario existe.
[2023-07-28T20:36:47.804Z] info: El usuario no existe o las credenciales son incorrectas.
[2023-07-28T20:36:47.804Z] error: No se pudo establecer la conexión con la API: Las credenciales son incorrectas. Inténtelo de nuevo.
[2023-07-28T20:37:01.392Z] info: El usuario existe.
[2023-07-28T20:57:00.960Z] info: El usuario existe.
[2023-07-28T21:03:19.207Z] info: El usuario existe.
[2023-07-29T00:49:50.106Z] error: No se pudo establecer la conexión con la API: read ECONNRESET
[2023-07-29T01:55:20.509Z] info: El usuario existe.
[2023-07-29T01:59:21.108Z] info: El usuario existe.
[2023-08-01T01:20:02.774Z] error: No se pudo establecer la conexión con la API: read ECONNRESET
[2023-08-01T01:20:15.678Z] info: El usuario existe.
[2023-08-01T01:20:42.536Z] info: El usuario existe.
[2023-08-01T01:21:31.277Z] info: El usuario existe.
[2023-08-01T01:29:16.145Z] info: El usuario existe.
[2023-08-01T04:36:15.784Z] error: No se pudo establecer la conexión con la API: read ECONNRESET
[2023-08-01T04:36:27.055Z] info: El usuario existe.
[2023-08-01T04:37:59.268Z] info: El usuario existe.
[2023-08-01T04:40:11.691Z] info: El usuario existe.
[2023-08-01T04:40:59.876Z] info: El usuario existe.
[2023-08-01T04:41:32.375Z] info: El usuario existe.
[2023-08-01T04:42:31.117Z] info: El usuario existe.
[2023-08-02T00:13:42.674Z] error: No se pudo establecer la conexión con la API: read ECONNRESET
[2023-08-02T00:14:14.125Z] error: No se pudo establecer la conexión con la API: read ECONNRESET
[2023-08-02T00:14:50.856Z] error: No se pudo establecer la conexión con la API: read ECONNRESET
[2023-08-02T00:15:11.246Z] info: El usuario existe.
[2023-08-02T00:15:33.837Z] info: El usuario existe.
[2023-08-02T00:18:31.898Z] info: El usuario existe.
[2023-08-02T00:20:00.977Z] info: El usuario existe.
[2023-08-02T00:25:00.271Z] info: El usuario existe.
[2023-08-02T00:26:22.718Z] info: El usuario existe.
[2023-08-02T00:26:55.820Z] info: El usuario existe.
[2023-08-03T00:44:32.276Z] error: No se pudo establecer la conexión con la API: read ECONNRESET
[2023-08-03T00:45:12.478Z] info: El usuario existe.
[2023-08-10T20:18:07.050Z] error: No se pudo establecer la conexión con la API: read ECONNRESET
[2023-08-10T20:18:22.838Z] info: El usuario existe.
[2023-08-10T20:21:00.125Z] info: El usuario existe.
[2023-08-10T20:32:50.227Z] info: El usuario existe.
[2023-08-21T16:49:24.194Z] error: No se pudo establecer la conexión con la API: read ECONNRESET
[2023-08-21T16:49:41.688Z] info: El usuario no existe o las credenciales son incorrectas.
[2023-08-21T16:49:41.689Z] error: No se pudo establecer la conexión con la API: Las credenciales son incorrectas. Inténtelo de nuevo.
[2023-08-21T16:50:01.396Z] info: El usuario existe.
[2023-08-21T18:06:26.785Z] error: No se pudo establecer la conexión con la API: read ECONNRESET
[2023-08-21T18:06:34.073Z] info: El usuario existe.
[2023-08-21T18:07:38.650Z] info: El usuario existe.
[2023-08-22T00:47:15.443Z] error: No se pudo establecer la conexión con la API: read ECONNRESET
[2023-08-22T00:47:34.827Z] info: El usuario existe.
[2023-08-22T00:51:18.305Z] info: El usuario existe.
[2023-08-22T00:55:16.837Z] info: El usuario existe.
[2023-08-22T00:58:19.863Z] info: El usuario existe.
[2023-08-22T00:59:07.310Z] info: El usuario existe.
[2023-08-22T01:01:34.973Z] info: El usuario existe.
[2023-08-22T01:02:25.863Z] info: El usuario no existe o las credenciales son incorrectas.
[2023-08-22T01:02:25.865Z] error: No se pudo establecer la conexión con la API: Las credenciales son incorrectas. Inténtelo de nuevo.
[2023-08-22T01:02:38.661Z] info: El usuario existe.
[2023-08-22T01:08:43.586Z] info: El usuario existe.
[2023-08-22T01:11:07.306Z] info: El usuario existe.
[2023-09-06T20:38:57.281Z] info: El usuario existe.
[2023-09-06T22:17:49.115Z] info: El usuario existe.
[2023-09-06T22:17:49.118Z] error: No se pudo establecer la conexión con la API: User is not defined
[2023-09-06T22:18:01.045Z] info: El usuario existe.
[2023-09-06T22:18:01.046Z] error: No se pudo establecer la conexión con la API: User is not defined
[2023-09-07T02:06:15.746Z] info: El usuario existe.
[2023-09-07T02:07:41.187Z] info: El usuario existe.
[2023-09-07T17:53:34.964Z] info: El usuario existe.
[2023-09-07T17:56:54.652Z] info: El usuario existe.
[2023-09-07T17:57:14.711Z] info: El usuario existe.
[2023-09-07T18:00:54.342Z] info: El usuario existe.
[2023-09-07T18:25:53.556Z] info: El usuario existe.
[2023-09-08T21:58:23.489Z] info: El usuario existe.
[2023-09-08T21:58:35.148Z] info: El usuario existe.
[2023-09-08T22:10:27.320Z] info: El usuario existe.
[2023-09-08T22:12:35.508Z] info: El usuario existe.
[2023-09-08T22:56:43.496Z] info: El usuario no existe o las credenciales son incorrectas.
[2023-09-08T22:56:43.500Z] error: No se pudo establecer la conexión con la API: Las credenciales son incorrectas. Inténtelo de nuevo.
[2023-09-08T23:00:40.085Z] info: El usuario no existe o las credenciales son incorrectas.
[2023-09-08T23:00:40.087Z] error: No se pudo establecer la conexión con la API: Las credenciales son incorrectas. Inténtelo de nuevo.
[2023-09-08T23:00:46.713Z] info: El usuario existe.
[2023-09-11T17:42:17.389Z] info: El usuario no existe o las credenciales son incorrectas.
[2023-09-11T17:42:17.395Z] error: No se pudo establecer la conexión con la API: Las credenciales son incorrectas. Inténtelo de nuevo.
[2023-09-12T04:43:43.059Z] info: El usuario existe.
[2023-09-12T04:45:01.203Z] info: El usuario existe.
[2023-09-12T04:56:56.490Z] info: El usuario existe.
[2023-09-12T04:57:14.172Z] info: El usuario existe.
[2023-09-12T04:58:07.774Z] info: El usuario existe.
[2023-09-12T04:58:26.675Z] info: El usuario existe.
[2023-09-12T05:05:47.161Z] info: El usuario existe.
[2023-09-12T05:06:39.643Z] info: El usuario existe.
[2023-09-12T05:06:56.598Z] info: El usuario existe.
[2023-09-12T05:10:04.935Z] info: El usuario existe.
[2023-09-12T05:10:30.149Z] info: El usuario existe.
[2023-09-12T05:13:22.621Z] info: El usuario existe.
[2023-09-12T05:14:21.558Z] info: El usuario existe.
[2023-09-12T05:15:31.063Z] info: El usuario existe.
[2023-09-12T05:15:45.755Z] info: El usuario existe.
[2023-09-12T05:16:07.457Z] info: El usuario existe.
[2023-09-12T05:20:11.787Z] info: El usuario existe.
[2023-09-12T05:21:03.110Z] info: El usuario existe.
[2023-09-12T05:21:15.322Z] info: El usuario existe.
[2023-09-12T05:23:11.222Z] info: El usuario existe.
[2023-09-12T05:23:34.645Z] info: El usuario existe.
[2023-09-12T05:26:22.224Z] info: El usuario existe.
[2023-09-12T05:26:42.297Z] info: El usuario existe.
[2023-09-12T05:28:17.931Z] info: El usuario existe.
[2023-09-12T05:28:54.391Z] info: El usuario existe.
[2023-09-12T05:29:18.428Z] info: El usuario existe.
[2023-09-12T05:29:59.211Z] info: El usuario existe.
[2023-09-12T05:30:45.834Z] info: El usuario existe.
[2023-09-12T05:31:34.946Z] info: El usuario existe.
[2023-09-12T05:31:53.336Z] info: El usuario existe.
[2023-09-12T05:33:30.954Z] info: El usuario existe.
[2023-09-12T05:33:48.793Z] info: El usuario existe.
[2023-09-12T15:10:57.613Z] info: El usuario existe.
[2023-09-12T15:11:40.409Z] info: El usuario existe.
[2023-09-12T15:13:27.397Z] info: El usuario existe.
